This file contains any messages produced by compilers while
running configure, to aid debugging if configure makes a mistake.

It was created by configure, which was
generated by GNU Autoconf 2.69.  Invocation command line was

  $ /data0/softtester/php-5.5.22/configure 

## --------- ##
## Platform. ##
## --------- ##

hostname = center10
uname -m = x86_64
uname -r = 2.6.32-431.23.3.el6.x86_64
uname -s = Linux
uname -v = #1 SMP Thu Jul 31 17:20:51 UTC 2014

/usr/bin/uname -p = unknown
/bin/uname -X     = unknown

/bin/arch              = x86_64
/usr/bin/arch -k       = unknown
/usr/convex/getsysinfo = unknown
/usr/bin/hostinfo      = unknown
/bin/machine           = unknown
/usr/bin/oslevel       = unknown
/bin/universe          = unknown

PATH: /usr/local/sbin
PATH: /usr/local/bin
PATH: /sbin
PATH: /bin
PATH: /usr/sbin
PATH: /usr/bin
PATH: /root/bin


## ----------- ##
## Core tests. ##
## ----------- ##

configure:3280: checking for grep that handles long lines and -e

## ---------------- ##
## Cache variables. ##
## ---------------- ##

ac_cv_env_CCC_set=
ac_cv_env_CCC_value=
ac_cv_env_CC_set=
ac_cv_env_CC_value=
ac_cv_env_CFLAGS_set=
ac_cv_env_CFLAGS_value=
ac_cv_env_CPPFLAGS_set=
ac_cv_env_CPPFLAGS_value=
ac_cv_env_CPP_set=
ac_cv_env_CPP_value=
ac_cv_env_CXXCPP_set=
ac_cv_env_CXXCPP_value=
ac_cv_env_CXXFLAGS_set=
ac_cv_env_CXXFLAGS_value=
ac_cv_env_CXX_set=
ac_cv_env_CXX_value=
ac_cv_env_LDFLAGS_set=
ac_cv_env_LDFLAGS_value=
ac_cv_env_LIBS_set=
ac_cv_env_LIBS_value=
ac_cv_env_YACC_set=
ac_cv_env_YACC_value=
ac_cv_env_YFLAGS_set=
ac_cv_env_YFLAGS_value=
ac_cv_env_build_alias_set=
ac_cv_env_build_alias_value=
ac_cv_env_host_alias_set=
ac_cv_env_host_alias_value=
ac_cv_env_target_alias_set=
ac_cv_env_target_alias_value=

## ----------------- ##
## Output variables. ##
## ----------------- ##

ALLOCA=''
AR=''
AWK=''
CC=''
CFLAGS=''
CONFIGURE_COMMAND=''
CONFIGURE_OPTIONS=''
CPP=''
CPPFLAGS=''
CXX=''
CXXCPP=''
CXXFLAGS=''
DEBUG_CFLAGS=''
DEFS=''
DSYMUTIL=''
ECHO='echo'
ECHO_C=''
ECHO_N='-n'
ECHO_T=''
EGREP=''
EXEEXT=''
EXPANDED_BINDIR=''
EXPANDED_DATADIR=''
EXPANDED_EXTENSION_DIR=''
EXPANDED_LIBDIR=''
EXPANDED_LOCALSTATEDIR=''
EXPANDED_MANDIR=''
EXPANDED_PEAR_INSTALLDIR=''
EXPANDED_PHP_CONFIG_FILE_PATH=''
EXPANDED_PHP_CONFIG_FILE_SCAN_DIR=''
EXPANDED_SBINDIR=''
EXPANDED_SYSCONFDIR=''
EXTENSION_DIR=''
EXTRA_INCLUDES=''
EXTRA_LDFLAGS=''
EXTRA_LDFLAGS_PROGRAM=''
EXTRA_LIBS=''
GREP=''
ICU_CONFIG=''
INCLUDES=''
INCLUDE_PATH=''
INLINE_CFLAGS=''
INSTALL_IT=''
KRB5_CONFIG=''
LDFLAGS=''
LIBOBJS=''
LIBS=''
LIBTOOL=''
LN_S=''
LTLIBOBJS=''
LTP=''
LTP_GENHTML=''
MYSQL_INCLUDE=''
MYSQL_LIBS=''
MYSQL_MODULE_TYPE=''
NATIVE_RPATHS=''
NMEDIT=''
OBJEXT=''
OCI8_DIR=''
OCI8_ORACLE_VERSION=''
OCI8_SHARED_LIBADD=''
ODBC_INCLUDE=''
ODBC_LFLAGS=''
ODBC_LIBS=''
ODBC_TYPE=''
OPENSSL_INCDIR_OPT=''
PACKAGE_BUGREPORT=''
PACKAGE_NAME=''
PACKAGE_STRING=''
PACKAGE_TARNAME=''
PACKAGE_URL=''
PACKAGE_VERSION=''
PATH_SEPARATOR=':'
PDO_MYSQL_MODULE_TYPE=''
PDO_OCI_DIR=''
PDO_OCI_SHARED_LIBADD=''
PDO_OCI_VERSION=''
PEAR_INSTALLDIR=''
PHP_INSTALLED_SAPIS=''
PHP_LDFLAGS=''
PHP_LIBS=''
PHP_VERSION=''
PHP_VERSION_ID=''
PKG_CONFIG=''
PROG_SENDMAIL=''
RANLIB=''
RE2C=''
SED=''
SHELL='/bin/sh'
SHLIB_DL_SUFFIX_NAME=''
SHLIB_SUFFIX_NAME=''
SNMP_CONFIG=''
STRIP=''
YACC=''
YFLAGS=''
ZEND_EXTRA_LIBS=''
abs_builddir=''
abs_srcdir=''
ac_ct_CC=''
ac_ct_CXX=''
bindir='${exec_prefix}/bin'
build=''
build_alias=''
build_cpu=''
build_os=''
build_vendor=''
datadir='${datarootdir}'
datarootdir='${prefix}/share'
docdir='${datarootdir}/doc/${PACKAGE}'
dvidir='${docdir}'
exec_prefix='NONE'
host=''
host_alias=''
host_cpu=''
host_os=''
host_vendor=''
htmldir='${docdir}'
includedir='${prefix}/include'
infodir='${datarootdir}/info'
libdir='${exec_prefix}/lib'
libexecdir='${exec_prefix}/libexec'
localedir='${datarootdir}/locale'
localstatedir='${prefix}/var'
mandir='${datarootdir}/man'
oldincludedir='/usr/include'
pdfdir='${docdir}'
php_abs_top_builddir=''
php_abs_top_srcdir=''
php_fpm_group=''
php_fpm_localstatedir=''
php_fpm_prefix=''
php_fpm_sysconfdir=''
php_fpm_systemd=''
php_fpm_user=''
prefix='NONE'
program_prefix='NONE'
program_suffix='NONE'
program_transform_name='s,x,x,'
psdir='${docdir}'
sbindir='${exec_prefix}/sbin'
sharedstatedir='${prefix}/com'
sysconfdir='${prefix}/etc'
target=''
target_alias=''
target_cpu=''
target_os=''
target_vendor=''

## ----------- ##
## confdefs.h. ##
## ----------- ##

/* confdefs.h */
#define PACKAGE_NAME ""
#define PACKAGE_TARNAME ""
#define PACKAGE_VERSION ""
#define PACKAGE_STRING ""
#define PACKAGE_BUGREPORT ""
#define PACKAGE_URL ""

configure: caught signal 13
configure: exit 1
